{"numFailedTestSuites":0,"numFailedTests":0,"numPassedTestSuites":5,"numPassedTests":5,"numPendingTestSuites":0,"numPendingTests":0,"numRuntimeErrorTestSuites":0,"numTodoTests":0,"numTotalTestSuites":5,"numTotalTests":5,"openHandles":[],"snapshot":{"added":0,"didUpdate":false,"failure":false,"filesAdded":0,"filesRemoved":0,"filesRemovedList":[],"filesUnmatched":0,"filesUpdated":0,"matched":0,"total":0,"unchecked":0,"uncheckedKeysByFile":[],"unmatched":0,"updated":0},"startTime":1754035295561,"success":true,"testResults":[{"assertionResults":[{"ancestorTitles":["GroupList"],"failureMessages":[],"fullName":"GroupList rendersGroupList","location":null,"status":"passed","title":"rendersGroupList"}],"endTime":1754035298172,"message":"","name":"/home/coder/project/workspace/question_generation_service/solutions/393df57b-a0fa-4fc3-9e91-4ebdb2c8bac3/reactapp/src/components/GroupList.test.js","startTime":1754035296520,"status":"passed","summary":""},{"assertionResults":[{"ancestorTitles":["Balances"],"failureMessages":[],"fullName":"Balances displaysBalancesCorrectly","location":null,"status":"passed","title":"displaysBalancesCorrectly"}],"endTime":1754035298458,"message":"","name":"/home/coder/project/workspace/question_generation_service/solutions/393df57b-a0fa-4fc3-9e91-4ebdb2c8bac3/reactapp/src/components/Balances.test.js","startTime":1754035296582,"status":"passed","summary":""},{"assertionResults":[{"ancestorTitles":["GroupDetail"],"failureMessages":[],"fullName":"GroupDetail rendersMembersInGroup","location":null,"status":"passed","title":"rendersMembersInGroup"}],"endTime":1754035298566,"message":"","name":"/home/coder/project/workspace/question_generation_service/solutions/393df57b-a0fa-4fc3-9e91-4ebdb2c8bac3/reactapp/src/components/GroupDetail.test.js","startTime":1754035296552,"status":"passed","summary":""},{"assertionResults":[{"ancestorTitles":["AddExpenseForm"],"failureMessages":[],"fullName":"AddExpenseForm addExpenseFormValidation","location":null,"status":"passed","title":"addExpenseFormValidation"}],"endTime":1754035298652,"message":"","name":"/home/coder/project/workspace/question_generation_service/solutions/393df57b-a0fa-4fc3-9e91-4ebdb2c8bac3/reactapp/src/components/AddExpenseForm.test.js","startTime":1754035296637,"status":"passed","summary":""},{"assertionResults":[{"ancestorTitles":["App duplicate group error"],"failureMessages":[],"fullName":"App duplicate group error handlesDuplicateGroupError","location":null,"status":"passed","title":"handlesDuplicateGroupError"}],"endTime":1754035298679,"message":"","name":"/home/coder/project/workspace/question_generation_service/solutions/393df57b-a0fa-4fc3-9e91-4ebdb2c8bac3/reactapp/src/App.test.js","startTime":1754035296650,"status":"passed","summary":""}],"wasInterrupted":false}